<?xml version="1.0" encoding="UTF-8"?>
<!-- Generated by org.testng.reporters.JUnitReportReporter -->
<testsuite hostname="DESKTOP-2VN4BVG" failures="0" tests="1" name="Section1.BestTest" time="0.008" errors="0" timestamp="2023-12-11T17:02:49 IST" skipped="0">
  <testcase classname="Section1.BestTest" name="manas" time="0.008"/>
  <system-out>
I am you  </system-out>
</testsuite> <!-- Section1.BestTest -->
