<?xml version="1.0" encoding="UTF-8"?>
<!-- Generated by org.testng.reporters.JUnitReportReporter -->
<testsuite hostname="DESKTOP-2VN4BVG" failures="0" tests="1" name="Section1.Testcase" time="0.024" errors="0" timestamp="2023-12-11T14:57:12 IST" skipped="0">
  <testcase classname="Section1.Testcase" name="Test" time="0.024"/>
</testsuite> <!-- Section1.Testcase -->
